<?xml version="1.0" encoding="UTF-8"?>
<!-- Generated by org.testng.reporters.JUnitXMLReporter -->
<testsuite ignored="0" hostname="DESKTOP-HC3PUPK" failures="2" tests="11" name="Testone" time="34.543" errors="0" timestamp="2024-05-25T16:05:02 IST">
  <testcase classname="test_cases.Register" name="withoutenteranyfields" time="1.751"/>
  <testcase classname="test_cases.Login" name="validUsername_ValidPassword" time="1.822"/>
  <testcase classname="test_cases.Login" name="validusername_invalidpassword" time="1.963"/>
  <testcase classname="test_cases.Login" name="inValidusername_validpassword" time="1.874">
    <failure type="junit.framework.ComparisonFailure" message="expected:&amp;lt;Warning: [Your account has exceeded allowed number of login attempts. Please try again in 1 hour].&amp;gt; but was:&amp;lt;Warning: [No match for E-Mail Address and/or Password].&amp;gt;">
      <![CDATA[junit.framework.ComparisonFailure: expected:<Warning: [Your account has exceeded allowed number of login attempts. Please try again in 1 hour].> but was:<Warning: [No match for E-Mail Address and/or Password].>
at junit.framework.Assert.assertEquals(Assert.java:100)
at junit.framework.Assert.assertEquals(Assert.java:107)
at test_cases.Login.inValidusername_validpassword(Login.java:92)
at java.base/java.util.ArrayList.forEach(ArrayList.java:1511)
... Removed 27 stack frames]]>
    </failure>
  </testcase> <!-- inValidusername_validpassword -->
  <testcase classname="test_cases.Login" name="inValidusername_inValidpassword" time="1.692">
    <failure type="junit.framework.ComparisonFailure" message="expected:&amp;lt;Warning: [Your account has exceeded allowed number of login attempts. Please try again in 1 hour].&amp;gt; but was:&amp;lt;Warning: [No match for E-Mail Address and/or Password].&amp;gt;">
      <![CDATA[junit.framework.ComparisonFailure: expected:<Warning: [Your account has exceeded allowed number of login attempts. Please try again in 1 hour].> but was:<Warning: [No match for E-Mail Address and/or Password].>
at junit.framework.Assert.assertEquals(Assert.java:100)
at junit.framework.Assert.assertEquals(Assert.java:107)
at test_cases.Login.inValidusername_inValidpassword(Login.java:119)
at java.base/java.util.ArrayList.forEach(ArrayList.java:1511)
... Removed 27 stack frames]]>
    </failure>
  </testcase> <!-- inValidusername_inValidpassword -->
  <testcase classname="test_cases.Login" name="login_without_credentials" time="1.686"/>
  <testcase classname="test_cases.Search" name="search_product" time="0.674"/>
  <testcase classname="test_cases.demo1" name="m1" time="0.003"/>
  <testcase classname="test_cases.demo1" name="m2" time="0.001"/>
  <testcase classname="test_cases.Demo2" name="m3" time="0.006"/>
  <testcase classname="test_cases.Demo2" name="m4" time="0.002"/>
</testsuite> <!-- Testone -->
